# JRE version: OpenJDK Runtime Environment Temurin-21.0.11+10 (21.0.11+10) (build 21.0.11+10-LTS)
# Java VM: OpenJDK 64-Bit Server VM Temurin-21.0.11+10 (21.0.11+10-LTS, mixed mode, sharing, tiered, compressed oops, compressed class ptrs, parallel gc, windows-amd64)
GC Precious Log:
 CardTable entry size: 512
 CPUs: 8 total, 8 available
 Memory: 7379M
 Large Page Support: Disabled
 NUMA Support: Disabled
 Compressed Oops: Enabled (32-bit)
 Alignments: Space 512K, Generation 512K, Heap 2M
 Heap Min Capacity: 100M
 Heap Initial Capacity: 100M
 Heap Max Capacity: 2G
 Pre-touch: Disabled
 Parallel Workers: 8
Heap:
 PSYoungGen      total 3072K, used 907K [0x00000000d5580000, 0x00000000d5980000, 0x0000000100000000)
  eden space 2048K, 30% used [0x00000000d5580000,0x00000000d561ae98,0x00000000d5780000)
  from space 1024K, 28% used [0x00000000d5800000,0x00000000d5848000,0x00000000d5900000)
  to   space 512K, 0% used [0x00000000d5900000,0x00000000d5900000,0x00000000d5980000)
 ParOldGen       total 443904K, used 443845K [0x0000000080000000, 0x000000009b180000, 0x00000000d5580000)
  object space 443904K, 99% used [0x0000000080000000,0x000000009b171430,0x000000009b180000)
 Metaspace       used 69708K, committed 71104K, reserved 1114112K
  class space    used 7514K, committed 8128K, reserved 1048576K
GC Heap History (20 events):
Event: 32.018 GC heap before
{Heap before GC invocations=449 (full 3):
 PSYoungGen      total 3584K, used 2832K [0x00000000d5580000, 0x00000000d5a80000, 0x0000000100000000)
  eden space 2048K, 100% used [0x00000000d5580000,0x00000000d5780000,0x00000000d5780000)
  from space 1536K, 51% used [0x00000000d5800000,0x00000000d58c4010,0x00000000d5980000)
  to   space 1024K, 0% used [0x00000000d5980000,0x00000000d5980000,0x00000000d5a80000)
 ParOldGen       total 440832K, used 440712K [0x0000000080000000, 0x000000009ae80000, 0x00000000d5580000)
  object space 440832K, 99% used [0x0000000080000000,0x000000009ae622f0,0x000000009ae80000)
 Metaspace       used 68325K, committed 69760K, reserved 1114112K
  class space    used 7390K, committed 8000K, reserved 1048576K
}
Event: 32.020 GC heap after
{Heap after GC invocations=449 (full 3):
 PSYoungGen      total 3072K, used 608K [0x00000000d5580000, 0x00000000d5a80000, 0x0000000100000000)
  eden space 2048K, 0% used [0x00000000d5580000,0x00000000d5580000,0x00000000d5780000)
  from space 1024K, 59% used [0x00000000d5980000,0x00000000d5a18000,0x00000000d5a80000)
  to   space 1024K, 0% used [0x00000000d5880000,0x00000000d5880000,0x00000000d5980000)
 ParOldGen       total 441344K, used 441034K [0x0000000080000000, 0x000000009af00000, 0x00000000d5580000)
  object space 441344K, 99% used [0x0000000080000000,0x000000009aeb2998,0x000000009af00000)
 Metaspace       used 68325K, committed 69760K, reserved 1114112K
  class space    used 7390K, committed 8000K, reserved 1048576K
}
Event: 32.047 GC heap before
{Heap before GC invocations=450 (full 3):
 PSYoungGen      total 3072K, used 2656K [0x00000000d5580000, 0x00000000d5a80000, 0x0000000100000000)
  eden space 2048K, 100% used [0x00000000d5580000,0x00000000d5780000,0x00000000d5780000)
  from space 1024K, 59% used [0x00000000d5980000,0x00000000d5a18000,0x00000000d5a80000)
  to   space 1024K, 0% used [0x00000000d5880000,0x00000000d5880000,0x00000000d5980000)
 ParOldGen       total 441344K, used 441034K [0x0000000080000000, 0x000000009af00000, 0x00000000d5580000)
  object space 441344K, 99% used [0x0000000080000000,0x000000009aeb2998,0x000000009af00000)
 Metaspace       used 68487K, committed 69888K, reserved 1114112K
  class space    used 7407K, committed 8000K, reserved 1048576K
}
Event: 32.049 GC heap after
{Heap after GC invocations=450 (full 3):
 PSYoungGen      total 3072K, used 384K [0x00000000d5580000, 0x00000000d5a00000, 0x0000000100000000)
  eden space 2048K, 0% used [0x00000000d5580000,0x00000000d5580000,0x00000000d5780000)
  from space 1024K, 37% used [0x00000000d5880000,0x00000000d58e0000,0x00000000d5980000)
  to   space 512K, 0% used [0x00000000d5980000,0x00000000d5980000,0x00000000d5a00000)
 ParOldGen       total 441856K, used 441554K [0x0000000080000000, 0x000000009af80000, 0x00000000d5580000)
  object space 441856K, 99% used [0x0000000080000000,0x000000009af34998,0x000000009af80000)
 Metaspace       used 68487K, committed 69888K, reserved 1114112K
  class space    used 7407K, committed 8000K, reserved 1048576K
}
Event: 32.076 GC heap before
{Heap before GC invocations=451 (full 3):
 PSYoungGen      total 3072K, used 2425K [0x00000000d5580000, 0x00000000d5a00000, 0x0000000100000000)
  eden space 2048K, 99% used [0x00000000d5580000,0x00000000d577e690,0x00000000d5780000)
  from space 1024K, 37% used [0x00000000d5880000,0x00000000d58e0000,0x00000000d5980000)
  to   space 512K, 0% used [0x00000000d5980000,0x00000000d5980000,0x00000000d5a00000)
 ParOldGen       total 441856K, used 441554K [0x0000000080000000, 0x000000009af80000, 0x00000000d5580000)
  object space 441856K, 99% used [0x0000000080000000,0x000000009af34998,0x000000009af80000)
 Metaspace       used 68665K, committed 70080K, reserved 1114112K
  class space    used 7421K, committed 8000K, reserved 1048576K
}
Event: 32.077 GC heap after
{Heap after GC invocations=451 (full 3):
 PSYoungGen      total 2560K, used 320K [0x00000000d5580000, 0x00000000d5a00000, 0x0000000100000000)
  eden space 2048K, 0% used [0x00000000d5580000,0x00000000d5580000,0x00000000d5780000)
  from space 512K, 62% used [0x00000000d5980000,0x00000000d59d0000,0x00000000d5a00000)
  to   space 512K, 0% used [0x00000000d5900000,0x00000000d5900000,0x00000000d5980000)
 ParOldGen       total 441856K, used 441770K [0x0000000080000000, 0x000000009af80000, 0x00000000d5580000)
  object space 441856K, 99% used [0x0000000080000000,0x000000009af6a8d8,0x000000009af80000)
 Metaspace       used 68665K, committed 70080K, reserved 1114112K
  class space    used 7421K, committed 8000K, reserved 1048576K
}
Event: 32.107 GC heap before
{Heap before GC invocations=452 (full 3):
 PSYoungGen      total 2560K, used 2368K [0x00000000d5580000, 0x00000000d5a00000, 0x0000000100000000)
  eden space 2048K, 100% used [0x00000000d5580000,0x00000000d5780000,0x00000000d5780000)
  from space 512K, 62% used [0x00000000d5980000,0x00000000d59d0000,0x00000000d5a00000)
  to   space 512K, 0% used [0x00000000d5900000,0x00000000d5900000,0x00000000d5980000)
 ParOldGen       total 441856K, used 441770K [0x0000000080000000, 0x000000009af80000, 0x00000000d5580000)
  object space 441856K, 99% used [0x0000000080000000,0x000000009af6a8d8,0x000000009af80000)
 Metaspace       used 68983K, committed 70400K, reserved 1114112K
  class space    used 7439K, committed 8000K, reserved 1048576K
}
Event: 32.109 GC heap after
{Heap after GC invocations=452 (full 3):
 PSYoungGen      total 2560K, used 288K [0x00000000d5580000, 0x00000000d5a00000, 0x0000000100000000)
  eden space 2048K, 0% used [0x00000000d5580000,0x00000000d5580000,0x00000000d5780000)
  from space 512K, 56% used [0x00000000d5900000,0x00000000d5948000,0x00000000d5980000)
  to   space 512K, 0% used [0x00000000d5980000,0x00000000d5980000,0x00000000d5a00000)
 ParOldGen       total 442368K, used 441914K [0x0000000080000000, 0x000000009b000000, 0x00000000d5580000)
  object space 442368K, 99% used [0x0000000080000000,0x000000009af8e8d8,0x000000009b000000)
 Metaspace       used 68983K, committed 70400K, reserved 1114112K
  class space    used 7439K, committed 8000K, reserved 1048576K
}
Event: 32.134 GC heap before
{Heap before GC invocations=453 (full 3):
 PSYoungGen      total 2560K, used 2326K [0x00000000d5580000, 0x00000000d5a00000, 0x0000000100000000)
  eden space 2048K, 99% used [0x00000000d5580000,0x00000000d577daa0,0x00000000d5780000)
  from space 512K, 56% used [0x00000000d5900000,0x00000000d5948000,0x00000000d5980000)
  to   space 512K, 0% used [0x00000000d5980000,0x00000000d5980000,0x00000000d5a00000)
 ParOldGen       total 442368K, used 441914K [0x0000000080000000, 0x000000009b000000, 0x00000000d5580000)
  object space 442368K, 99% used [0x0000000080000000,0x000000009af8e8d8,0x000000009b000000)
 Metaspace       used 69118K, committed 70528K, reserved 1114112K
  class space    used 7447K, committed 8064K, reserved 1048576K
}
Event: 32.136 GC heap after
{Heap after GC invocations=453 (full 3):
 PSYoungGen      total 2560K, used 448K [0x00000000d5580000, 0x00000000d5a00000, 0x0000000100000000)
  eden space 2048K, 0% used [0x00000000d5580000,0x00000000d5580000,0x00000000d5780000)
  from space 512K, 87% used [0x00000000d5980000,0x00000000d59f0000,0x00000000d5a00000)
  to   space 512K, 0% used [0x00000000d5900000,0x00000000d5900000,0x00000000d5980000)
 ParOldGen       total 442368K, used 442023K [0x0000000080000000, 0x000000009b000000, 0x00000000d5580000)
  object space 442368K, 99% used [0x0000000080000000,0x000000009afa9ce8,0x000000009b000000)
 Metaspace       used 69118K, committed 70528K, reserved 1114112K
  class space    used 7447K, committed 8064K, reserved 1048576K
}
Event: 32.172 GC heap before
{Heap before GC invocations=454 (full 3):
 PSYoungGen      total 2560K, used 2496K [0x00000000d5580000, 0x00000000d5a00000, 0x0000000100000000)
  eden space 2048K, 100% used [0x00000000d5580000,0x00000000d5780000,0x00000000d5780000)
  from space 512K, 87% used [0x00000000d5980000,0x00000000d59f0000,0x00000000d5a00000)
  to   space 512K, 0% used [0x00000000d5900000,0x00000000d5900000,0x00000000d5980000)
 ParOldGen       total 442368K, used 442023K [0x0000000080000000, 0x000000009b000000, 0x00000000d5580000)
  object space 442368K, 99% used [0x0000000080000000,0x000000009afa9ce8,0x000000009b000000)
 Metaspace       used 69380K, committed 70784K, reserved 1114112K
  class space    used 7482K, committed 8064K, reserved 1048576K
}
Event: 32.174 GC heap after
{Heap after GC invocations=454 (full 3):
 PSYoungGen      total 2560K, used 304K [0x00000000d5580000, 0x00000000d5a00000, 0x0000000100000000)
  eden space 2048K, 0% used [0x00000000d5580000,0x00000000d5580000,0x00000000d5780000)
  from space 512K, 59% used [0x00000000d5900000,0x00000000d594c010,0x00000000d5980000)
  to   space 512K, 0% used [0x00000000d5980000,0x00000000d5980000,0x00000000d5a00000)
 ParOldGen       total 442368K, used 442319K [0x0000000080000000, 0x000000009b000000, 0x00000000d5580000)
  object space 442368K, 99% used [0x0000000080000000,0x000000009aff3ce8,0x000000009b000000)
 Metaspace       used 69380K, committed 70784K, reserved 1114112K
  class space    used 7482K, committed 8064K, reserved 1048576K
}
Event: 32.190 GC heap before
{Heap before GC invocations=455 (full 3):
 PSYoungGen      total 2560K, used 2352K [0x00000000d5580000, 0x00000000d5a00000, 0x0000000100000000)
  eden space 2048K, 100% used [0x00000000d5580000,0x00000000d5780000,0x00000000d5780000)
  from space 512K, 59% used [0x00000000d5900000,0x00000000d594c010,0x00000000d5980000)
  to   space 512K, 0% used [0x00000000d5980000,0x00000000d5980000,0x00000000d5a00000)
 ParOldGen       total 442368K, used 442319K [0x0000000080000000, 0x000000009b000000, 0x00000000d5580000)
  object space 442368K, 99% used [0x0000000080000000,0x000000009aff3ce8,0x000000009b000000)
 Metaspace       used 69443K, committed 70848K, reserved 1114112K
  class space    used 7491K, committed 8064K, reserved 1048576K
}
Event: 32.192 GC heap after
{Heap after GC invocations=455 (full 3):
 PSYoungGen      total 2560K, used 483K [0x00000000d5580000, 0x00000000d5a80000, 0x0000000100000000)
  eden space 2048K, 0% used [0x00000000d5580000,0x00000000d5580000,0x00000000d5780000)
  from space 512K, 94% used [0x00000000d5980000,0x00000000d59f8d40,0x00000000d5a00000)
  to   space 1536K, 0% used [0x00000000d5780000,0x00000000d5780000,0x00000000d5900000)
 ParOldGen       total 442880K, used 442838K [0x0000000080000000, 0x000000009b080000, 0x00000000d5580000)
  object space 442880K, 99% used [0x0000000080000000,0x000000009b0759a0,0x000000009b080000)
 Metaspace       used 69443K, committed 70848K, reserved 1114112K
  class space    used 7491K, committed 8064K, reserved 1048576K
}
Event: 32.197 GC heap before
{Heap before GC invocations=456 (full 3):
 PSYoungGen      total 2560K, used 2531K [0x00000000d5580000, 0x00000000d5a80000, 0x0000000100000000)
  eden space 2048K, 100% used [0x00000000d5580000,0x00000000d5780000,0x00000000d5780000)
  from space 512K, 94% used [0x00000000d5980000,0x00000000d59f8d40,0x00000000d5a00000)
  to   space 1536K, 0% used [0x00000000d5780000,0x00000000d5780000,0x00000000d5900000)
 ParOldGen       total 442880K, used 442838K [0x0000000080000000, 0x000000009b080000, 0x00000000d5580000)
  object space 442880K, 99% used [0x0000000080000000,0x000000009b0759a0,0x000000009b080000)
 Metaspace       used 69443K, committed 70848K, reserved 1114112K
  class space    used 7491K, committed 8064K, reserved 1048576K
}
Event: 32.200 GC heap after
{Heap after GC invocations=456 (full 3):
 PSYoungGen      total 3584K, used 455K [0x00000000d5580000, 0x00000000d5a00000, 0x0000000100000000)
  eden space 2048K, 0% used [0x00000000d5580000,0x00000000d5580000,0x00000000d5780000)
  from space 1536K, 29% used [0x00000000d5780000,0x00000000d57f1ee0,0x00000000d5900000)
  to   space 1024K, 0% used [0x00000000d5900000,0x00000000d5900000,0x00000000d5a00000)
 ParOldGen       total 443904K, used 443429K [0x0000000080000000, 0x000000009b180000, 0x00000000d5580000)
  object space 443904K, 99% used [0x0000000080000000,0x000000009b109550,0x000000009b180000)
 Metaspace       used 69443K, committed 70848K, reserved 1114112K
  class space    used 7491K, committed 8064K, reserved 1048576K
}
Event: 32.204 GC heap before
{Heap before GC invocations=457 (full 3):
 PSYoungGen      total 3584K, used 2503K [0x00000000d5580000, 0x00000000d5a00000, 0x0000000100000000)
  eden space 2048K, 100% used [0x00000000d5580000,0x00000000d5780000,0x00000000d5780000)
  from space 1536K, 29% used [0x00000000d5780000,0x00000000d57f1ee0,0x00000000d5900000)
  to   space 1024K, 0% used [0x00000000d5900000,0x00000000d5900000,0x00000000d5a00000)
 ParOldGen       total 443904K, used 443429K [0x0000000080000000, 0x000000009b180000, 0x00000000d5580000)
  object space 443904K, 99% used [0x0000000080000000,0x000000009b109550,0x000000009b180000)
 Metaspace       used 69443K, committed 70848K, reserved 1114112K
  class space    used 7491K, committed 8064K, reserved 1048576K
}
Event: 32.206 GC heap after
{Heap after GC invocations=457 (full 3):
 PSYoungGen      total 3072K, used 763K [0x00000000d5580000, 0x00000000d5a00000, 0x0000000100000000)
  eden space 2048K, 0% used [0x00000000d5580000,0x00000000d5580000,0x00000000d5780000)
  from space 1024K, 74% used [0x00000000d5900000,0x00000000d59bedf0,0x00000000d5a00000)
  to   space 1024K, 0% used [0x00000000d5800000,0x00000000d5800000,0x00000000d5900000)
 ParOldGen       total 443904K, used 443837K [0x0000000080000000, 0x000000009b180000, 0x00000000d5580000)
  object space 443904K, 99% used [0x0000000080000000,0x000000009b16f430,0x000000009b180000)
 Metaspace       used 69443K, committed 70848K, reserved 1114112K
  class space    used 7491K, committed 8064K, reserved 1048576K
}
Event: 85.104 GC heap before
{Heap before GC invocations=458 (full 3):
 PSYoungGen      total 3072K, used 2811K [0x00000000d5580000, 0x00000000d5a00000, 0x0000000100000000)
  eden space 2048K, 100% used [0x00000000d5580000,0x00000000d5780000,0x00000000d5780000)
  from space 1024K, 74% used [0x00000000d5900000,0x00000000d59bedf0,0x00000000d5a00000)
  to   space 1024K, 0% used [0x00000000d5800000,0x00000000d5800000,0x00000000d5900000)
 ParOldGen       total 443904K, used 443837K [0x0000000080000000, 0x000000009b180000, 0x00000000d5580000)
  object space 443904K, 99% used [0x0000000080000000,0x000000009b16f430,0x000000009b180000)
 Metaspace       used 69681K, committed 71104K, reserved 1114112K
  class space    used 7511K, committed 8128K, reserved 1048576K
}
Event: 85.109 GC heap after
{Heap after GC invocations=458 (full 3):
 PSYoungGen      total 3072K, used 288K [0x00000000d5580000, 0x00000000d5980000, 0x0000000100000000)
  eden space 2048K, 0% used [0x00000000d5580000,0x00000000d5580000,0x00000000d5780000)
  from space 1024K, 28% used [0x00000000d5800000,0x00000000d5848000,0x00000000d5900000)
  to   space 512K, 0% used [0x00000000d5900000,0x00000000d5900000,0x00000000d5980000)
 ParOldGen       total 443904K, used 443845K [0x0000000080000000, 0x000000009b180000, 0x00000000d5580000)
  object space 443904K, 99% used [0x0000000080000000,0x000000009b171430,0x000000009b180000)
 Metaspace       used 69681K, committed 71104K, reserved 1114112K
  class space    used 7511K, committed 8128K, reserved 1048576K
}

